2011/02/15 17:08:00 にビルドを開始しました。
     1>ノード 2 上のプロジェクト "c:\Users\happy\documents\visual studio 2010\Projects\I4C3D\I4C3D\I4C3D.vcxproj" (build ターゲット)。
     1>InitializeBuildStatus:
         "AlwaysCreate" が指定されたため "Debug\I4C3D.unsuccessfulbuild" を作成しています。
       ClCompile:
         すべての出力が最新のものです。
         C:\Program Files\Microsoft Visual Studio 10.0\VC\bin\CL.exe /c /ZI /nologo /W4 /WX- /Od /Oy- /D WIN32 /D _DEBUG /D _WINDOWS /D _UNICODE /D UNICODE /Gm /EHsc /RTC1 /MDd /GS /fp:precise /Zc:wchar_t /Zc:forScope /Yu"StdAfx.h" /Fp"Debug\I4C3D.pch" /Fo"Debug\\" /Fd"Debug\vc100.pdb" /Gd /TP /analyze- /errorReport:prompt I4C3DCommand.cpp
         I4C3DCommand.cpp
       ResourceCompile:
         すべての出力が最新のものです。
       ManifestResourceCompile:
         すべての出力が最新のものです。
       Link:
         C:\Program Files\Microsoft Visual Studio 10.0\VC\bin\link.exe /ERRORREPORT:PROMPT /OUT:"c:\users\happy\documents\visual studio 2010\Projects\I4C3D\Debug\I4C3D.exe" /INCREMENTAL /NOLOGO kernel32.lib user32.lib gdi32.lib winspool.lib comdlg32.lib advapi32.lib shell32.lib ole32.lib oleaut32.lib uuid.lib odbc32.lib odbccp32.lib /MANIFEST /ManifestFile:"Debug\I4C3D.exe.intermediate.manifest" /MANIFESTUAC:"level='asInvoker' uiAccess='false'" /DEBUG /PDB:"c:\users\happy\documents\visual studio 2010\Projects\I4C3D\Debug\I4C3D.pdb" /SUBSYSTEM:WINDOWS /TLBID:1 /DYNAMICBASE /NXCOMPAT /IMPLIB:"c:\users\happy\documents\visual studio 2010\Projects\I4C3D\Debug\I4C3D.lib" /MACHINE:X86 Debug\I4C3D.res
         Debug\I4C3D.exe.embed.manifest.res
         Debug\I4C3D.obj
         Debug\I4C3DAccessor.obj
         Debug\I4C3DCommand.obj
         Debug\I4C3DCore.obj
         Debug\I4C3DDollyCommand.obj
         Debug\I4C3DTrackCommand.obj
         Debug\I4C3DTumbleCommand.obj
         Debug\stdafx.obj
       Manifest:
         C:\Program Files\Microsoft SDKs\Windows\v7.0A\bin\mt.exe /nologo /verbose /out:"Debug\I4C3D.exe.embed.manifest" /manifest Debug\I4C3D.exe.intermediate.manifest
         すべての出力が最新のものです。
       LinkEmbedManifest:
         すべての出力が最新のものです。
         I4C3D.vcxproj -> c:\users\happy\documents\visual studio 2010\Projects\I4C3D\Debug\I4C3D.exe
       FinalizeBuildStatus:
         ファイル "Debug\I4C3D.unsuccessfulbuild" を削除しています。
         "Debug\I4C3D.lastbuildstate" のタッチ タスクを実行しています。
     1>プロジェクト "c:\Users\happy\documents\visual studio 2010\Projects\I4C3D\I4C3D\I4C3D.vcxproj" (build ターゲット) のビルドが完了しました。

ビルドに成功しました。

経過時間 00:00:00.40
